<?xml version="1.0" encoding="UTF-8"?>
<testsuite name="CalculatorTests" tests="1" skipped="0" failures="0" errors="0" timestamp="2022-12-28T05:53:20" hostname="VL-NB-03" time="0.563">
  <properties/>
  <testcase name="sinTest()" classname="CalculatorTests" time="0.563"/>
  <system-out><![CDATA[]]></system-out>
  <system-err><![CDATA[]]></system-err>
</testsuite>
