<?xml version="1.0" encoding="UTF-8"?>
<testsuite name="RecordBookTests" tests="4" skipped="0" failures="0" errors="0" timestamp="2022-11-30T14:10:35" hostname="VL-NB-03" time="0.213">
  <properties/>
  <testcase name="goodDiplomaMarkTest()" classname="RecordBookTests" time="0.183"/>
  <testcase name="myRealRecordBookTest()" classname="RecordBookTests" time="0.016"/>
  <testcase name="badDiplomaMarkTest1()" classname="RecordBookTests" time="0.005"/>
  <testcase name="badDiplomaMarkTest2()" classname="RecordBookTests" time="0.004"/>
  <system-out><![CDATA[]]></system-out>
  <system-err><![CDATA[]]></system-err>
</testsuite>
