<?xml version="1.0" encoding="UTF-8"?>
<testsuite name="RecordBookTests" tests="4" skipped="0" failures="0" errors="0" timestamp="2022-12-11T14:08:32" hostname="VL-NB-03" time="0.122">
  <properties/>
  <testcase name="goodDiplomaMarkTest()" classname="RecordBookTests" time="0.099"/>
  <testcase name="myRealRecordBookTest()" classname="RecordBookTests" time="0.009"/>
  <testcase name="badDiplomaMarkTest1()" classname="RecordBookTests" time="0.008"/>
  <testcase name="badDiplomaMarkTest2()" classname="RecordBookTests" time="0.002"/>
  <system-out><![CDATA[]]></system-out>
  <system-err><![CDATA[]]></system-err>
</testsuite>
