<?xml version="1.0" encoding="UTF-8"?>
<testsuite name="GraphTests" tests="1" skipped="0" failures="0" errors="0" timestamp="2022-11-29T12:53:31" hostname="VL-NB-03" time="0.106">
  <properties/>
  <testcase name="incidentListTest()" classname="GraphTests" time="0.106"/>
  <system-out><![CDATA[1(0)
2(1)
3(3)
4(5)
]]></system-out>
  <system-err><![CDATA[]]></system-err>
</testsuite>
